<html>
<head>
<title>TestNG:  Default test</title>
<link href="../testng.css" rel="stylesheet" type="text/css" />
<link href="../my-testng.css" rel="stylesheet" type="text/css" />

<style type="text/css">
.log { display: none;} 
.stack-trace { display: none;} 
</style>
<script type="text/javascript">
<!--
function flip(e) {
  current = e.style.display;
  if (current == 'block') {
    e.style.display = 'none';
    return 0;
  }
  else {
    e.style.display = 'block';
    return 1;
  }
}

function toggleBox(szDivId, elem, msg1, msg2)
{
  var res = -1;  if (document.getElementById) {
    res = flip(document.getElementById(szDivId));
  }
  else if (document.all) {
    // this is the way old msie versions work
    res = flip(document.all[szDivId]);
  }
  if(elem) {
    if(res == 0) elem.innerHTML = msg1; else elem.innerHTML = msg2;
  }

}

function toggleAllBoxes() {
  if (document.getElementsByTagName) {
    d = document.getElementsByTagName('div');
    for (i = 0; i < d.length; i++) {
      if (d[i].className == 'log') {
        flip(d[i]);
      }
    }
  }
}

// -->
</script>

</head>
<body>
<h2 align='center'>Default test</h2><table border='1' align="center">
<tr>
<td>Tests passed/Failed/Skipped:</td><td>0/0/4</td>
</tr><tr>
<td>Started on:</td><td>Mon Jun 20 15:38:49 IST 2016</td>
</tr>
<tr><td>Total time:</td><td>0 seconds (222 ms)</td>
</tr><tr>
<td>Included groups:</td><td></td>
</tr><tr>
<td>Excluded groups:</td><td></td>
</tr>
</table><p/>
<small><i>(Hover the method name to see the test class name)</i></small><p/>
<table width='100%' border='1' class='invocation-failed'>
<tr><td colspan='4' align='center'><b>FAILED CONFIGURATIONS</b></td></tr>
<tr><td><b>Test method</b></td>
<td width="30%"><b>Exception</b></td>
<td width="10%"><b>Time (seconds)</b></td>
<td><b>Instance</b></td>
</tr>
<tr>
<td title='com.spire.acqura2.test.accenture.home.homeTestPlan.beforeTestSuite()'><b>beforeTestSuite</b><br>Test class: com.spire.acqura2.test.accenture.home.homeTestPlan<br>Parameters: org.testng.TestRunner@3f792b9b<br/>
<a href="#Output-695530017" onClick='toggleBox("Output-695530017", this, "Show output", "Hide output");'>Show output</a>

<a href="#Output-695530017" onClick="toggleAllBoxes();">Show all outputs</a>
<div class='log' id="Output-695530017">
Application is down, so skiiping all tests<br/>
</div>
</td>
<td><div><pre>java.lang.AssertionError: Applocation is down, so skipping all tests expected [true] but found [false]
	at org.testng.Assert.fail(Assert.java:94)
	at org.testng.Assert.failNotEquals(Assert.java:494)
	at org.testng.Assert.assertTrue(Assert.java:42)
	at com.spire.base.controller.Assertion.assertTrue(Assertion.java:178)
	at com.spire.base.controller.TestPlan.beforeTestSuite(TestPlan.java:136)
	at sun.reflect.NativeMethodAccessorImpl.invoke0(Native Method)
	at sun.reflect.NativeMethodAccessorImpl.invoke(Unknown Source)
	at sun.reflect.DelegatingMethodAccessorImpl.invoke(Unknown Source)
	at java.lang.reflect.Method.invoke(Unknown Source)
	at org.testng.internal.MethodInvocationHelper.invokeMethod(MethodInvocationHelper.java:85)
	at org.testng.internal.Invoker.invokeConfigurationMethod(Invoker.java:552)
	at org.testng.internal.Invoker.invokeConfigurations(Invoker.java:215)
	at org.testng.internal.Invoker.invokeConfigurations(Invoker.java:140)
	at org.testng.SuiteRunner.privateRun(SuiteRunner.java:291)
	at org.testng.SuiteRunner.run(SuiteRunner.java:254)
	at org.testng.SuiteRunnerWorker.runSuite(SuiteRunnerWorker.java:52)
	at org.testng.SuiteRunnerWorker.run(SuiteRunnerWorker.java:86)
	at org.testng.TestNG.runSuitesSequentially(TestNG.java:1224)
	at org.testng.TestNG.runSuitesLocally(TestNG.java:1149)
	at org.testng.TestNG.run(TestNG.java:1057)
	at org.testng.remote.RemoteTestNG.run(RemoteTestNG.java:111)
	at org.testng.remote.RemoteTestNG.initAndRun(RemoteTestNG.java:204)
	at org.testng.remote.RemoteTestNG.main(RemoteTestNG.java:175)
</pre></div><a href='#' onClick='toggleBox("stack-trace695530017", this, "Click to show all stack frames", "Click to hide stack frames")'>Click to show all stack frames</a>
<div class='stack-trace' id='stack-trace695530017'><pre>java.lang.AssertionError: Applocation is down, so skipping all tests expected [true] but found [false]
	at org.testng.Assert.fail(Assert.java:94)
	at org.testng.Assert.failNotEquals(Assert.java:494)
	at org.testng.Assert.assertTrue(Assert.java:42)
	at com.spire.base.controller.Assertion.assertTrue(Assertion.java:178)
	at com.spire.base.controller.TestPlan.beforeTestSuite(TestPlan.java:136)
	at sun.reflect.NativeMethodAccessorImpl.invoke0(Native Method)
	at sun.reflect.NativeMethodAccessorImpl.invoke(Unknown Source)
	at sun.reflect.DelegatingMethodAccessorImpl.invoke(Unknown Source)
	at java.lang.reflect.Method.invoke(Unknown Source)
	at org.testng.internal.MethodInvocationHelper.invokeMethod(MethodInvocationHelper.java:85)
	at org.testng.internal.Invoker.invokeConfigurationMethod(Invoker.java:552)
	at org.testng.internal.Invoker.invokeConfigurations(Invoker.java:215)
	at org.testng.internal.Invoker.invokeConfigurations(Invoker.java:140)
	at org.testng.SuiteRunner.privateRun(SuiteRunner.java:291)
	at org.testng.SuiteRunner.run(SuiteRunner.java:254)
	at org.testng.SuiteRunnerWorker.runSuite(SuiteRunnerWorker.java:52)
	at org.testng.SuiteRunnerWorker.run(SuiteRunnerWorker.java:86)
	at org.testng.TestNG.runSuitesSequentially(TestNG.java:1224)
	at org.testng.TestNG.runSuitesLocally(TestNG.java:1149)
	at org.testng.TestNG.run(TestNG.java:1057)
	at org.testng.remote.RemoteTestNG.run(RemoteTestNG.java:111)
	at org.testng.remote.RemoteTestNG.initAndRun(RemoteTestNG.java:204)
	at org.testng.remote.RemoteTestNG.main(RemoteTestNG.java:175)
</pre></div></td>
<td>0</td>
<td>null</td></tr>
</table><p>
<table width='100%' border='1' class='invocation-skipped'>
<tr><td colspan='4' align='center'><b>SKIPPED CONFIGURATIONS</b></td></tr>
<tr><td><b>Test method</b></td>
<td width="30%"><b>Exception</b></td>
<td width="10%"><b>Time (seconds)</b></td>
<td><b>Instance</b></td>
</tr>
<tr>
<td title='com.spire.acqura2.test.accenture.home.homeTestPlan.beforeTest()'><b>beforeTest</b><br>Test class: com.spire.acqura2.test.accenture.home.homeTestPlan</td>
<td></td>
<td>0</td>
<td>null</td></tr>
<tr>
<td title='com.spire.acqura2.test.accenture.home.homeTestPlan.beforeTestMethod()'><b>beforeTestMethod</b><br>Test class: com.spire.acqura2.test.accenture.home.homeTestPlan</td>
<td></td>
<td>0</td>
<td>com.spire.acqura2.test.accenture.home.homeTestPlan@2b6856dd</td></tr>
<tr>
<td title='com.spire.acqura2.test.accenture.home.homeTestPlan.beforeTestMethod()'><b>beforeTestMethod</b><br>Test class: com.spire.acqura2.test.accenture.home.homeTestPlan</td>
<td></td>
<td>0</td>
<td>com.spire.acqura2.test.accenture.home.homeTestPlan@2b6856dd</td></tr>
<tr>
<td title='com.spire.acqura2.test.accenture.home.homeTestPlan.beforeTestMethod()'><b>beforeTestMethod</b><br>Test class: com.spire.acqura2.test.accenture.home.homeTestPlan</td>
<td></td>
<td>0</td>
<td>com.spire.acqura2.test.accenture.home.homeTestPlan@2b6856dd</td></tr>
<tr>
<td title='com.spire.acqura2.test.accenture.home.homeTestPlan.beforeTestMethod()'><b>beforeTestMethod</b><br>Test class: com.spire.acqura2.test.accenture.home.homeTestPlan</td>
<td></td>
<td>0</td>
<td>com.spire.acqura2.test.accenture.home.homeTestPlan@2b6856dd</td></tr>
</table><p>
<table width='100%' border='1' class='invocation-skipped'>
<tr><td colspan='4' align='center'><b>SKIPPED TESTS</b></td></tr>
<tr><td><b>Test method</b></td>
<td width="30%"><b>Exception</b></td>
<td width="10%"><b>Time (seconds)</b></td>
<td><b>Instance</b></td>
</tr>
<tr>
<td title='com.spire.acqura2.test.accenture.home.homeTestPlan.validateAutoSuggestionInUniversalSearch()'><b>validateAutoSuggestionInUniversalSearch</b><br>Test class: com.spire.acqura2.test.accenture.home.homeTestPlan<br>Parameters: [TestCaseId=1|TestTitle=validateAutoSuggestionInUniversalSearch], com.spire.acqura2.pojo.User@75459c75</td>
<td></td>
<td>0</td>
<td>com.spire.acqura2.test.accenture.home.homeTestPlan@2b6856dd</td></tr>
<tr>
<td title='com.spire.acqura2.test.accenture.home.homeTestPlan.validateDefaultSRStatusInResultGrid()'><b>validateDefaultSRStatusInResultGrid</b><br>Test class: com.spire.acqura2.test.accenture.home.homeTestPlan<br>Parameters: [TestCaseId=3|TestTitle=validateDefaultSRStatusInResultGrid], com.spire.acqura2.pojo.User@72cf2de5</td>
<td></td>
<td>0</td>
<td>com.spire.acqura2.test.accenture.home.homeTestPlan@2b6856dd</td></tr>
<tr>
<td title='com.spire.acqura2.test.accenture.home.homeTestPlan.validatePopularPoolCountClick()'><b>validatePopularPoolCountClick</b><br>Test class: com.spire.acqura2.test.accenture.home.homeTestPlan<br>Parameters: [TestCaseId=4|TestTitle=validatePopularPoolCountClick], com.spire.acqura2.pojo.User@40c80397</td>
<td></td>
<td>0</td>
<td>com.spire.acqura2.test.accenture.home.homeTestPlan@2b6856dd</td></tr>
<tr>
<td title='com.spire.acqura2.test.accenture.home.homeTestPlan.validateSRStatusListInDropDown()'><b>validateSRStatusListInDropDown</b><br>Test class: com.spire.acqura2.test.accenture.home.homeTestPlan<br>Parameters: [TestCaseId=2|TestTitle=validateSRStatusListInDropDown], com.spire.acqura2.pojo.User@6f8f9349</td>
<td></td>
<td>0</td>
<td>com.spire.acqura2.test.accenture.home.homeTestPlan@2b6856dd</td></tr>
</table><p>
</body>
</html>