<?xml version="1.0" encoding="UTF-8"?>
<!-- Generated by org.testng.reporters.JUnitXMLReporter -->
<testsuite hostname="LAP-064-HB12" name="Default test" tests="4" failures="0" timestamp="20 Jun 2016 10:08:49 GMT" time="0.222" errors="0">
  <testcase name="@BeforeSuite beforeTestSuite" time="0.0" classname="com.spire.acqura2.test.accenture.home.homeTestPlan">
    <failure type="java.lang.AssertionError" message="Applocation is down, so skipping all tests expected [true] but found [false]">
      <![CDATA[java.lang.AssertionError: Applocation is down, so skipping all tests expected [true] but found [false]
	at org.testng.Assert.fail(Assert.java:94)
	at org.testng.Assert.failNotEquals(Assert.java:494)
	at org.testng.Assert.assertTrue(Assert.java:42)
	at com.spire.base.controller.Assertion.assertTrue(Assertion.java:178)
	at com.spire.base.controller.TestPlan.beforeTestSuite(TestPlan.java:136)
	at sun.reflect.NativeMethodAccessorImpl.invoke0(Native Method)
	at sun.reflect.NativeMethodAccessorImpl.invoke(Unknown Source)
	at sun.reflect.DelegatingMethodAccessorImpl.invoke(Unknown Source)
	at java.lang.reflect.Method.invoke(Unknown Source)
	at org.testng.internal.MethodInvocationHelper.invokeMethod(MethodInvocationHelper.java:85)
	at org.testng.internal.Invoker.invokeConfigurationMethod(Invoker.java:552)
	at org.testng.internal.Invoker.invokeConfigurations(Invoker.java:215)
	at org.testng.internal.Invoker.invokeConfigurations(Invoker.java:140)
	at org.testng.SuiteRunner.privateRun(SuiteRunner.java:291)
	at org.testng.SuiteRunner.run(SuiteRunner.java:254)
	at org.testng.SuiteRunnerWorker.runSuite(SuiteRunnerWorker.java:52)
	at org.testng.SuiteRunnerWorker.run(SuiteRunnerWorker.java:86)
	at org.testng.TestNG.runSuitesSequentially(TestNG.java:1224)
	at org.testng.TestNG.runSuitesLocally(TestNG.java:1149)
	at org.testng.TestNG.run(TestNG.java:1057)
	at org.testng.remote.RemoteTestNG.run(RemoteTestNG.java:111)
	at org.testng.remote.RemoteTestNG.initAndRun(RemoteTestNG.java:204)
	at org.testng.remote.RemoteTestNG.main(RemoteTestNG.java:175)
]]>
    </failure>
  </testcase> <!-- @BeforeSuite beforeTestSuite -->
  <testcase name="@BeforeTest beforeTest" time="0.0" classname="com.spire.acqura2.test.accenture.home.homeTestPlan">
    <skipped/>
  </testcase> <!-- @BeforeTest beforeTest -->
  <testcase name="@BeforeMethod beforeTestMethod" time="0.0" classname="com.spire.acqura2.test.accenture.home.homeTestPlan">
    <skipped/>
  </testcase> <!-- @BeforeMethod beforeTestMethod -->
  <testcase name="@BeforeMethod beforeTestMethod" time="0.0" classname="com.spire.acqura2.test.accenture.home.homeTestPlan">
    <skipped/>
  </testcase> <!-- @BeforeMethod beforeTestMethod -->
  <testcase name="@BeforeMethod beforeTestMethod" time="0.0" classname="com.spire.acqura2.test.accenture.home.homeTestPlan">
    <skipped/>
  </testcase> <!-- @BeforeMethod beforeTestMethod -->
  <testcase name="@BeforeMethod beforeTestMethod" time="0.0" classname="com.spire.acqura2.test.accenture.home.homeTestPlan">
    <skipped/>
  </testcase> <!-- @BeforeMethod beforeTestMethod -->
  <testcase name="validateAutoSuggestionInUniversalSearch" time="0.001" classname="com.spire.acqura2.test.accenture.home.homeTestPlan">
    <skipped/>
  </testcase> <!-- validateAutoSuggestionInUniversalSearch -->
  <testcase name="validateDefaultSRStatusInResultGrid" time="0.0" classname="com.spire.acqura2.test.accenture.home.homeTestPlan">
    <skipped/>
  </testcase> <!-- validateDefaultSRStatusInResultGrid -->
  <testcase name="validatePopularPoolCountClick" time="0.001" classname="com.spire.acqura2.test.accenture.home.homeTestPlan">
    <skipped/>
  </testcase> <!-- validatePopularPoolCountClick -->
  <testcase name="validateSRStatusListInDropDown" time="0.001" classname="com.spire.acqura2.test.accenture.home.homeTestPlan">
    <skipped/>
  </testcase> <!-- validateSRStatusListInDropDown -->
</testsuite> <!-- Default test -->
