<?xml version="1.0" encoding="UTF-8"?>
<!-- Generated by org.testng.reporters.JUnitXMLReporter -->
<testsuite hostname="LAP-064-HB12" name="Accenture-SMOKE-TestPlan(failed)" tests="2" failures="1" timestamp="17 Jun 2016 10:26:37 GMT" time="60.304" errors="0">
  <testcase name="validatePopularPoolCountClick" time="37.676" classname="com.spire.acqura2.test.accenture.home.homeTestPlan">
    <failure type="java.lang.AssertionError" message="Popular Pool Not found expected [true] but found [false]">
      <![CDATA[java.lang.AssertionError: Popular Pool Not found expected [true] but found [false]
	at com.spire.base.controller.Assertion.assertTrue(Assertion.java:178)
	at com.spire.acqura2.pageUtils.HomePageUtils.validatePopularPoolCountClick(HomePageUtils.java:124)
	at com.spire.acqura2.test.accenture.home.homeTestPlan.validatePopularPoolCountClick(homeTestPlan.java:84)
	at java.util.concurrent.FutureTask.run(Unknown Source)
	at java.util.concurrent.ThreadPoolExecutor.runWorker(Unknown Source)
	at java.util.concurrent.ThreadPoolExecutor$Worker.run(Unknown Source)
	at java.lang.Thread.run(Unknown Source)
... Removed 19 stack frames]]>
    </failure>
  </testcase> <!-- validatePopularPoolCountClick -->
  <testcase name="validateSRStatusListInDropDown" time="18.194" classname="com.spire.acqura2.test.accenture.home.homeTestPlan"/>
</testsuite> <!-- Accenture-SMOKE-TestPlan(failed) -->
